\BOOKMARK [0][]{chapter.1}{\376\377\000I\000n\000t\000r\000o\000d\000u\000c\000t\000i\000o\000n}{}% 1
\BOOKMARK [0][]{chapter.2}{\376\377\000P\000l\000a\000t\000f\000o\000r\000m\000\040\000a\000r\000c\000h\000i\000t\000e\000c\000t\000u\000r\000e}{}% 2
\BOOKMARK [1][]{section.2.1}{\376\377\000T\000h\000e\000\040\000p\000r\000o\000v\000i\000s\000i\000o\000n\000e\000r}{chapter.2}% 3
\BOOKMARK [1][]{section.2.2}{\376\377\000T\000h\000e\000\040\000n\000e\000t\000w\000o\000r\000k\000\040\000m\000a\000n\000a\000g\000e\000r}{chapter.2}% 4
\BOOKMARK [1][]{section.2.3}{\376\377\000T\000h\000e\000\040\000t\000e\000s\000t\000\040\000d\000a\000e\000m\000o\000n}{chapter.2}% 5
\BOOKMARK [1][]{section.2.4}{\376\377\000T\000h\000e\000\040\000t\000e\000s\000t\000\040\000e\000x\000e\000c\000u\000t\000o\000r}{chapter.2}% 6
\BOOKMARK [0][]{chapter.3}{\376\377\000T\000e\000s\000t\000i\000n\000g\000\040\000l\000a\000n\000g\000u\000a\000g\000e}{}% 7
\BOOKMARK [1][]{section.3.1}{\376\377\000N\000e\000t\000w\000o\000r\000k\000\040\000m\000o\000d\000i\000f\000i\000c\000a\000t\000i\000o\000n\000\040\000c\000o\000m\000m\000a\000n\000d\000s}{chapter.3}% 8
\BOOKMARK [2][]{subsection.3.1.1}{\376\377\000C\000o\000n\000n\000e\000c\000t\000i\000o\000n\000\040\000s\000p\000e\000c\000i\000f\000i\000c\000a\000t\000i\000o\000n\000s}{section.3.1}% 9
\BOOKMARK [2][]{subsection.3.1.2}{\376\377\000E\000x\000a\000m\000p\000l\000e\000s}{section.3.1}% 10
\BOOKMARK [1][]{section.3.2}{\376\377\000R\000u\000n\000\040\000c\000o\000m\000m\000a\000n\000d}{chapter.3}% 11
\BOOKMARK [2][]{subsection.3.2.1}{\376\377\000E\000x\000a\000m\000p\000l\000e}{section.3.2}% 12
\BOOKMARK [1][]{section.3.3}{\376\377\000M\000a\000c\000r\000o\000s}{chapter.3}% 13
\BOOKMARK [2][]{subsection.3.3.1}{\376\377\000E\000x\000a\000m\000p\000l\000e}{section.3.3}% 14
\BOOKMARK [0][]{chapter.4}{\376\377\000T\000e\000s\000t\000\040\000s\000u\000i\000t\000e}{}% 15
\BOOKMARK [1][]{section.4.1}{\376\377\000T\000u\000n\000i\000n\000g\000\040\000t\000h\000e\000\040\000n\000u\000m\000b\000e\000r\000\040\000o\000f\000\040\000o\000p\000e\000r\000a\000t\000i\000o\000n\000s}{chapter.4}% 16
\BOOKMARK [1][]{section.4.2}{\376\377\000C\000h\000o\000o\000s\000i\000n\000g\000\040\000t\000h\000e\000\040\000c\000l\000u\000s\000t\000e\000r\000\040\000s\000i\000z\000e}{chapter.4}% 17
\BOOKMARK [1][]{section.4.3}{\376\377\000T\000e\000s\000t\000\040\000s\000u\000i\000t\000e\000\040\000d\000e\000s\000c\000r\000i\000p\000t\000i\000o\000n}{chapter.4}% 18
\BOOKMARK [2][]{subsection.4.3.1}{\376\377\000G\000o\000l\000d\000\040\000s\000t\000a\000n\000d\000a\000r\000d}{section.4.3}% 19
\BOOKMARK [2][]{subsection.4.3.2}{\376\377\000S\000y\000m\000m\000e\000t\000r\000i\000c\000\040\000s\000c\000e\000n\000a\000r\000i\000o\000s}{section.4.3}% 20
\BOOKMARK [2][]{subsection.4.3.3}{\376\377\000A\000s\000y\000m\000m\000e\000t\000r\000i\000c\000\040\000s\000c\000e\000n\000a\000r\000i\000o\000s}{section.4.3}% 21
\BOOKMARK [2][]{subsection.4.3.4}{\376\377\000R\000a\000f\000t\000\040\000v\000s\000\040\000P\000a\000x\000o\000s}{section.4.3}% 22
\BOOKMARK [2][]{subsection.4.3.5}{\376\377\000R\000a\000f\000t\000\040\000v\000s\000\040\000R\000a\000f\000t}{section.4.3}% 23
\BOOKMARK [0][]{chapter.5}{\376\377\000C\000o\000n\000c\000l\000u\000s\000i\000o\000n}{}% 24
